
Showing logs for build [32mcb-kubecd-environment-pr-209-17-w4999-1[0m stage [32mfrom-build-pack[0m and container [32mstep-credential-initializer-8kkkx[0m
{"level":"info","ts":1587770744.8159046,"logger":"fallback-logger","caller":"logging/config.go:69","msg":"Fetch GitHub commit ID from kodata failed: open /var/run/ko/refs/heads/0.8.0-ns-support: no such file or directory"}
{"level":"info","ts":1587770744.8166997,"logger":"fallback-logger","caller":"creds-init/main.go:40","msg":"Credentials initialized."}

Showing logs for build [32mcb-kubecd-environment-pr-209-17-w4999-1[0m stage [32mfrom-build-pack[0m and container [32mstep-working-dir-initializer-zmkvr[0m
{"level":"info","ts":1587770745.7526872,"logger":"fallback-logger","caller":"logging/config.go:69","msg":"Fetch GitHub commit ID from kodata failed: open /var/run/ko/HEAD: no such file or directory"}
{"level":"info","ts":1587770745.7547777,"logger":"fallback-logger","caller":"bash/main.go:64","msg":"Successfully executed command \"sh -c mkdir -p /workspace/source\"; output "}

Showing logs for build [32mcb-kubecd-environment-pr-209-17-w4999-1[0m stage [32mfrom-build-pack[0m and container [32mstep-place-tools[0m

Showing logs for build [32mcb-kubecd-environment-pr-209-17-w4999-1[0m stage [32mfrom-build-pack[0m and container [32mstep-git-source-cb-kubecd-environment-pr-209-17-w4999-kmjcs[0m
{"level":"info","ts":1587770750.8690598,"logger":"fallback-logger","caller":"logging/config.go:69","msg":"Fetch GitHub commit ID from kodata failed: open /var/run/ko/refs/heads/0.8.0-ns-support: no such file or directory"}
{"level":"info","ts":1587770751.9596004,"logger":"fallback-logger","caller":"git/git.go:103","msg":"Successfully cloned https://github.com/cb-kubecd/environment-pr-209-17-boot-gke-staging.git @ master in path /workspace/source"}

Showing logs for build [32mcb-kubecd-environment-pr-209-17-w4999-1[0m stage [32mfrom-build-pack[0m and container [32mstep-git-merge[0m
Using SHAs from PULL_REFS=master:f9d5a3fc69c751cff60e5fd06a60170492a15c6a,5:ad59d8993116f3f1dce435c9c725a43337efa364
DEBUG: LC_ALL=C JX_LOG_LEVEL=error git fetch origin --unshallow ad59d8993116f3f1dce435c9c725a43337efa364: f9d5a3fc69c751cff60e5fd06a60170492a15c6a:
DEBUG: ran git fetch --unshallow origin ad59d8993116f3f1dce435c9c725a43337efa364: f9d5a3fc69c751cff60e5fd06a60170492a15c6a: in 
DEBUG: JX_LOG_LEVEL=error LC_ALL=C git branch
DEBUG: LC_ALL=C JX_LOG_LEVEL=error git checkout master
DEBUG: ran git checkout master in 
DEBUG: LC_ALL=C JX_LOG_LEVEL=error git reset --hard f9d5a3fc69c751cff60e5fd06a60170492a15c6a
DEBUG: ran git reset --hard f9d5a3fc69c751cff60e5fd06a60170492a15c6a in 
DEBUG: LC_ALL=C JX_LOG_LEVEL=error git clean -fd .
DEBUG: ran clean --force -d . in 
DEBUG: JX_LOG_LEVEL=error LC_ALL=C git merge ad59d8993116f3f1dce435c9c725a43337efa364
DEBUG: ran git merge ad59d8993116f3f1dce435c9c725a43337efa364 in 
DEBUG: LC_ALL=C JX_LOG_LEVEL=error git log --format=%H%x1f%an%x1f%ae%x1f%cn%x1f%ce%x1f%s%n%b%x1e f9d5a3fc69c751cff60e5fd06a60170492a15c6a..HEAD
Merged SHA ad59d8993116f3f1dce435c9c725a43337efa364 with commit message 'chore: Promote bdd-sbhg-import-1587770370 to version 0.0.1' into base branch master

Showing logs for build [32mcb-kubecd-environment-pr-209-17-w4999-1[0m stage [32mfrom-build-pack[0m and container [32mstep-build-helm-build[0m
WARNING: No $CHART_REPOSITORY defined so using the default value of: http://jenkins-x-chartmuseum:8080
Adding missing Helm repo: storage.googleapis.com https://storage.googleapis.com/chartmuseum.jenkins-x.io
WARNING: No secrets found on "helm/repos" due: reading the secret "helm/repos" from vault: no secret "helm/repos" not found in vault
Read credentials for https://storage.googleapis.com/chartmuseum.jenkins-x.io from vault helm/repos
Successfully added Helm repository storage.googleapis.com.
Adding missing Helm repo: jenkins-x-chartmuseum http://jenkins-x-chartmuseum:8080
WARNING: No secrets found on "helm/repos" due: reading the secret "helm/repos" from vault: no secret "helm/repos" not found in vault
Read credentials for http://jenkins-x-chartmuseum:8080 from vault helm/repos
Successfully added Helm repository jenkins-x-chartmuseum.
WARNING: No $CHART_REPOSITORY defined so using the default value of: http://jenkins-x-chartmuseum:8080
Adding missing Helm repo: chartmuseum.jenkins-x.io http://chartmuseum.jenkins-x.io
WARNING: No secrets found on "helm/repos" due: reading the secret "helm/repos" from vault: no secret "helm/repos" not found in vault
Read credentials for http://chartmuseum.jenkins-x.io from vault helm/repos
Successfully added Helm repository chartmuseum.jenkins-x.io.
