
Showing logs for build [32mcb-kubecd-environment-pr-209-17-9snjr-1[0m stage [32mfrom-build-pack[0m and container [32mstep-credential-initializer-9kcjg[0m
{"level":"info","ts":1587769161.6905887,"logger":"fallback-logger","caller":"logging/config.go:69","msg":"Fetch GitHub commit ID from kodata failed: open /var/run/ko/refs/heads/0.8.0-ns-support: no such file or directory"}
{"level":"info","ts":1587769161.6911263,"logger":"fallback-logger","caller":"creds-init/main.go:40","msg":"Credentials initialized."}

Showing logs for build [32mcb-kubecd-environment-pr-209-17-9snjr-1[0m stage [32mfrom-build-pack[0m and container [32mstep-working-dir-initializer-gm8hm[0m
{"level":"info","ts":1587769162.5492225,"logger":"fallback-logger","caller":"logging/config.go:69","msg":"Fetch GitHub commit ID from kodata failed: open /var/run/ko/HEAD: no such file or directory"}
{"level":"info","ts":1587769162.5509577,"logger":"fallback-logger","caller":"bash/main.go:64","msg":"Successfully executed command \"sh -c mkdir -p /workspace/source\"; output "}

Showing logs for build [32mcb-kubecd-environment-pr-209-17-9snjr-1[0m stage [32mfrom-build-pack[0m and container [32mstep-place-tools[0m

Showing logs for build [32mcb-kubecd-environment-pr-209-17-9snjr-1[0m stage [32mfrom-build-pack[0m and container [32mstep-git-source-cb-kubecd-environment-pr-209-17-9snjr-5hhzf[0m
{"level":"info","ts":1587769166.7021565,"logger":"fallback-logger","caller":"logging/config.go:69","msg":"Fetch GitHub commit ID from kodata failed: open /var/run/ko/refs/heads/0.8.0-ns-support: no such file or directory"}
{"level":"info","ts":1587769167.747637,"logger":"fallback-logger","caller":"git/git.go:103","msg":"Successfully cloned https://github.com/cb-kubecd/environment-pr-209-17-boot-gke-staging.git @ master in path /workspace/source"}

Showing logs for build [32mcb-kubecd-environment-pr-209-17-9snjr-1[0m stage [32mfrom-build-pack[0m and container [32mstep-git-merge[0m
Using SHAs from PULL_REFS=master:adf634fb8f3c043384f62613d940e5a7eb7f3ce0,3:9095dad60c7d22aeec7d4d2f2a46360f8f451e91
DEBUG: LC_ALL=C JX_LOG_LEVEL=error git fetch origin --unshallow 9095dad60c7d22aeec7d4d2f2a46360f8f451e91: adf634fb8f3c043384f62613d940e5a7eb7f3ce0:
DEBUG: ran git fetch --unshallow origin 9095dad60c7d22aeec7d4d2f2a46360f8f451e91: adf634fb8f3c043384f62613d940e5a7eb7f3ce0: in 
DEBUG: LC_ALL=C JX_LOG_LEVEL=error git branch
DEBUG: LC_ALL=C JX_LOG_LEVEL=error git checkout master
DEBUG: ran git checkout master in 
DEBUG: JX_LOG_LEVEL=error LC_ALL=C git reset --hard adf634fb8f3c043384f62613d940e5a7eb7f3ce0
DEBUG: ran git reset --hard adf634fb8f3c043384f62613d940e5a7eb7f3ce0 in 
DEBUG: JX_LOG_LEVEL=error LC_ALL=C git clean -fd .
DEBUG: ran clean --force -d . in 
DEBUG: LC_ALL=C JX_LOG_LEVEL=error git merge 9095dad60c7d22aeec7d4d2f2a46360f8f451e91
DEBUG: ran git merge 9095dad60c7d22aeec7d4d2f2a46360f8f451e91 in 
DEBUG: LC_ALL=C JX_LOG_LEVEL=error git log --format=%H%x1f%an%x1f%ae%x1f%cn%x1f%ce%x1f%s%n%b%x1e adf634fb8f3c043384f62613d940e5a7eb7f3ce0..HEAD
Merged SHA 9095dad60c7d22aeec7d4d2f2a46360f8f451e91 with commit message 'chore: Promote bdd-sbhg-1587768132 to version 0.0.1' into base branch master

Showing logs for build [32mcb-kubecd-environment-pr-209-17-9snjr-1[0m stage [32mfrom-build-pack[0m and container [32mstep-build-helm-build[0m
WARNING: No $CHART_REPOSITORY defined so using the default value of: http://jenkins-x-chartmuseum:8080
Adding missing Helm repo: storage.googleapis.com https://storage.googleapis.com/chartmuseum.jenkins-x.io
WARNING: No secrets found on "helm/repos" due: reading the secret "helm/repos" from vault: no secret "helm/repos" not found in vault
Read credentials for https://storage.googleapis.com/chartmuseum.jenkins-x.io from vault helm/repos
Successfully added Helm repository storage.googleapis.com.
Adding missing Helm repo: jenkins-x-chartmuseum http://jenkins-x-chartmuseum:8080
WARNING: No secrets found on "helm/repos" due: reading the secret "helm/repos" from vault: no secret "helm/repos" not found in vault
Read credentials for http://jenkins-x-chartmuseum:8080 from vault helm/repos
Successfully added Helm repository jenkins-x-chartmuseum.
WARNING: No $CHART_REPOSITORY defined so using the default value of: http://jenkins-x-chartmuseum:8080
Adding missing Helm repo: chartmuseum.jenkins-x.io http://chartmuseum.jenkins-x.io
WARNING: No secrets found on "helm/repos" due: reading the secret "helm/repos" from vault: no secret "helm/repos" not found in vault
Read credentials for http://chartmuseum.jenkins-x.io from vault helm/repos
Successfully added Helm repository chartmuseum.jenkins-x.io.
