
Showing logs for build [32mcb-kubecd-environment-pr-209-17-lvfxw-1[0m stage [32mfrom-build-pack[0m and container [32mstep-credential-initializer-mv2qf[0m
{"level":"info","ts":1587769963.345222,"logger":"fallback-logger","caller":"logging/config.go:69","msg":"Fetch GitHub commit ID from kodata failed: open /var/run/ko/refs/heads/0.8.0-ns-support: no such file or directory"}
{"level":"info","ts":1587769963.3458762,"logger":"fallback-logger","caller":"creds-init/main.go:40","msg":"Credentials initialized."}

Showing logs for build [32mcb-kubecd-environment-pr-209-17-lvfxw-1[0m stage [32mfrom-build-pack[0m and container [32mstep-working-dir-initializer-tlvmj[0m
{"level":"info","ts":1587769963.7799053,"logger":"fallback-logger","caller":"logging/config.go:69","msg":"Fetch GitHub commit ID from kodata failed: open /var/run/ko/HEAD: no such file or directory"}
{"level":"info","ts":1587769963.7820432,"logger":"fallback-logger","caller":"bash/main.go:64","msg":"Successfully executed command \"sh -c mkdir -p /workspace/source\"; output "}

Showing logs for build [32mcb-kubecd-environment-pr-209-17-lvfxw-1[0m stage [32mfrom-build-pack[0m and container [32mstep-place-tools[0m

Showing logs for build [32mcb-kubecd-environment-pr-209-17-lvfxw-1[0m stage [32mfrom-build-pack[0m and container [32mstep-git-source-cb-kubecd-environment-pr-209-17-lvfxw-cqj8k[0m
{"level":"info","ts":1587769968.972719,"logger":"fallback-logger","caller":"logging/config.go:69","msg":"Fetch GitHub commit ID from kodata failed: open /var/run/ko/refs/heads/0.8.0-ns-support: no such file or directory"}
{"level":"info","ts":1587769970.0329077,"logger":"fallback-logger","caller":"git/git.go:103","msg":"Successfully cloned https://github.com/cb-kubecd/environment-pr-209-17-boot-gke-staging.git @ master in path /workspace/source"}

Showing logs for build [32mcb-kubecd-environment-pr-209-17-lvfxw-1[0m stage [32mfrom-build-pack[0m and container [32mstep-git-merge[0m
Using SHAs from PULL_REFS=master:23fa1a2a17729cf6a89fabb83404c9314bd18087,4:eba3313e9950da839477edae91efe5f44a69e9c7
DEBUG: LC_ALL=C JX_LOG_LEVEL=error git fetch origin --unshallow eba3313e9950da839477edae91efe5f44a69e9c7: 23fa1a2a17729cf6a89fabb83404c9314bd18087:
DEBUG: ran git fetch --unshallow origin eba3313e9950da839477edae91efe5f44a69e9c7: 23fa1a2a17729cf6a89fabb83404c9314bd18087: in 
DEBUG: LC_ALL=C JX_LOG_LEVEL=error git branch
DEBUG: LC_ALL=C JX_LOG_LEVEL=error git checkout master
DEBUG: ran git checkout master in 
DEBUG: JX_LOG_LEVEL=error LC_ALL=C git reset --hard 23fa1a2a17729cf6a89fabb83404c9314bd18087
DEBUG: ran git reset --hard 23fa1a2a17729cf6a89fabb83404c9314bd18087 in 
DEBUG: LC_ALL=C JX_LOG_LEVEL=error git clean -fd .
DEBUG: ran clean --force -d . in 
DEBUG: JX_LOG_LEVEL=error LC_ALL=C git merge eba3313e9950da839477edae91efe5f44a69e9c7
DEBUG: ran git merge eba3313e9950da839477edae91efe5f44a69e9c7 in 
DEBUG: LC_ALL=C JX_LOG_LEVEL=error git log --format=%H%x1f%an%x1f%ae%x1f%cn%x1f%ce%x1f%s%n%b%x1e 23fa1a2a17729cf6a89fabb83404c9314bd18087..HEAD
Merged SHA eba3313e9950da839477edae91efe5f44a69e9c7 with commit message 'chore: Promote bdd-gh-1587768132 to version 0.0.1' into base branch master

Showing logs for build [32mcb-kubecd-environment-pr-209-17-lvfxw-1[0m stage [32mfrom-build-pack[0m and container [32mstep-build-helm-build[0m
WARNING: No $CHART_REPOSITORY defined so using the default value of: http://jenkins-x-chartmuseum:8080
Adding missing Helm repo: storage.googleapis.com https://storage.googleapis.com/chartmuseum.jenkins-x.io
WARNING: No secrets found on "helm/repos" due: reading the secret "helm/repos" from vault: no secret "helm/repos" not found in vault
Read credentials for https://storage.googleapis.com/chartmuseum.jenkins-x.io from vault helm/repos
Successfully added Helm repository storage.googleapis.com.
Adding missing Helm repo: jenkins-x-chartmuseum http://jenkins-x-chartmuseum:8080
WARNING: No secrets found on "helm/repos" due: reading the secret "helm/repos" from vault: no secret "helm/repos" not found in vault
Read credentials for http://jenkins-x-chartmuseum:8080 from vault helm/repos
Successfully added Helm repository jenkins-x-chartmuseum.
WARNING: No $CHART_REPOSITORY defined so using the default value of: http://jenkins-x-chartmuseum:8080
Adding missing Helm repo: chartmuseum.jenkins-x.io http://chartmuseum.jenkins-x.io
WARNING: No secrets found on "helm/repos" due: reading the secret "helm/repos" from vault: no secret "helm/repos" not found in vault
Read credentials for http://chartmuseum.jenkins-x.io from vault helm/repos
Successfully added Helm repository chartmuseum.jenkins-x.io.
