
Showing logs for build [32mcb-kubecd-environment-pr-209-17-w6hrk-1[0m stage [32mfrom-build-pack[0m and container [32mstep-credential-initializer-l7cm2[0m
{"level":"info","ts":1587767368.3341794,"logger":"fallback-logger","caller":"logging/config.go:69","msg":"Fetch GitHub commit ID from kodata failed: open /var/run/ko/refs/heads/0.8.0-ns-support: no such file or directory"}
{"level":"info","ts":1587767368.340787,"logger":"fallback-logger","caller":"creds-init/main.go:40","msg":"Credentials initialized."}

Showing logs for build [32mcb-kubecd-environment-pr-209-17-w6hrk-1[0m stage [32mfrom-build-pack[0m and container [32mstep-working-dir-initializer-qm7w5[0m
{"level":"info","ts":1587767368.9519894,"logger":"fallback-logger","caller":"logging/config.go:69","msg":"Fetch GitHub commit ID from kodata failed: open /var/run/ko/HEAD: no such file or directory"}
{"level":"info","ts":1587767368.9569533,"logger":"fallback-logger","caller":"bash/main.go:64","msg":"Successfully executed command \"sh -c mkdir -p /workspace/source\"; output "}

Showing logs for build [32mcb-kubecd-environment-pr-209-17-w6hrk-1[0m stage [32mfrom-build-pack[0m and container [32mstep-place-tools[0m

Showing logs for build [32mcb-kubecd-environment-pr-209-17-w6hrk-1[0m stage [32mfrom-build-pack[0m and container [32mstep-git-source-cb-kubecd-environment-pr-209-17-w6hrk-v44sn[0m
{"level":"info","ts":1587767375.1351664,"logger":"fallback-logger","caller":"logging/config.go:69","msg":"Fetch GitHub commit ID from kodata failed: open /var/run/ko/refs/heads/0.8.0-ns-support: no such file or directory"}
{"level":"info","ts":1587767376.1865838,"logger":"fallback-logger","caller":"git/git.go:103","msg":"Successfully cloned https://github.com/cb-kubecd/environment-pr-209-17-boot-gke-staging.git @ master in path /workspace/source"}

Showing logs for build [32mcb-kubecd-environment-pr-209-17-w6hrk-1[0m stage [32mfrom-build-pack[0m and container [32mstep-git-merge[0m
Using SHAs from PULL_REFS=master:44d4991587a995df0e83eaa07f15ab88d26ab060,1:2d526b37c3ce5e83b1b529e82a2c34338335bc21
DEBUG: LC_ALL=C JX_LOG_LEVEL=error git fetch origin --unshallow 2d526b37c3ce5e83b1b529e82a2c34338335bc21: 44d4991587a995df0e83eaa07f15ab88d26ab060:
DEBUG: ran git fetch --unshallow origin 2d526b37c3ce5e83b1b529e82a2c34338335bc21: 44d4991587a995df0e83eaa07f15ab88d26ab060: in 
DEBUG: LC_ALL=C JX_LOG_LEVEL=error git branch
DEBUG: LC_ALL=C JX_LOG_LEVEL=error git checkout master
DEBUG: ran git checkout master in 
DEBUG: JX_LOG_LEVEL=error LC_ALL=C git reset --hard 44d4991587a995df0e83eaa07f15ab88d26ab060
DEBUG: ran git reset --hard 44d4991587a995df0e83eaa07f15ab88d26ab060 in 
DEBUG: LC_ALL=C JX_LOG_LEVEL=error git clean -fd .
DEBUG: ran clean --force -d . in 
DEBUG: LC_ALL=C JX_LOG_LEVEL=error git merge 2d526b37c3ce5e83b1b529e82a2c34338335bc21
DEBUG: ran git merge 2d526b37c3ce5e83b1b529e82a2c34338335bc21 in 
DEBUG: LC_ALL=C JX_LOG_LEVEL=error git log --format=%H%x1f%an%x1f%ae%x1f%cn%x1f%ce%x1f%s%n%b%x1e 44d4991587a995df0e83eaa07f15ab88d26ab060..HEAD
Merged SHA 2d526b37c3ce5e83b1b529e82a2c34338335bc21 with commit message 'chore: Promote bdd-spring-1587767049 to version 0.0.1' into base branch master

Showing logs for build [32mcb-kubecd-environment-pr-209-17-w6hrk-1[0m stage [32mfrom-build-pack[0m and container [32mstep-build-helm-build[0m
WARNING: No $CHART_REPOSITORY defined so using the default value of: http://jenkins-x-chartmuseum:8080
Adding missing Helm repo: storage.googleapis.com https://storage.googleapis.com/chartmuseum.jenkins-x.io
WARNING: No secrets found on "helm/repos" due: reading the secret "helm/repos" from vault: no secret "helm/repos" not found in vault
Read credentials for https://storage.googleapis.com/chartmuseum.jenkins-x.io from vault helm/repos
Successfully added Helm repository storage.googleapis.com.
Adding missing Helm repo: jenkins-x-chartmuseum http://jenkins-x-chartmuseum:8080
WARNING: No secrets found on "helm/repos" due: reading the secret "helm/repos" from vault: no secret "helm/repos" not found in vault
Read credentials for http://jenkins-x-chartmuseum:8080 from vault helm/repos
Successfully added Helm repository jenkins-x-chartmuseum.
WARNING: No $CHART_REPOSITORY defined so using the default value of: http://jenkins-x-chartmuseum:8080
Adding missing Helm repo: chartmuseum.jenkins-x.io http://chartmuseum.jenkins-x.io
WARNING: No secrets found on "helm/repos" due: reading the secret "helm/repos" from vault: no secret "helm/repos" not found in vault
Read credentials for http://chartmuseum.jenkins-x.io from vault helm/repos
Successfully added Helm repository chartmuseum.jenkins-x.io.
